[debug] [2020-03-03T12:20:23.736Z] ----------------------------------------------------------------------
[debug] [2020-03-03T12:20:23.737Z] Command:       /usr/local/Cellar/node/13.8.0/bin/node /usr/local/bin/firebase serve
[debug] [2020-03-03T12:20:23.737Z] CLI Version:   7.14.0
[debug] [2020-03-03T12:20:23.737Z] Platform:      darwin
[debug] [2020-03-03T12:20:23.737Z] Node Version:  v13.8.0
[debug] [2020-03-03T12:20:23.738Z] Time:          Tue Mar 03 2020 13:20:23 GMT+0100 (Central European Standard Time)
[debug] [2020-03-03T12:20:23.738Z] ----------------------------------------------------------------------
[debug] [2020-03-03T12:20:23.738Z] 
[debug] [2020-03-03T12:20:23.743Z] > command requires scopes: ["email","openid","https://www.googleapis.com/auth/cloudplatformprojects.readonly","https://www.googleapis.com/auth/firebase","https://www.googleapis.com/auth/cloud-platform"]
[debug] [2020-03-03T12:20:23.743Z] > authorizing via signed-in user
[debug] [2020-03-03T12:20:23.743Z] [iam] checking project cx-code-golf for permissions ["firebase.projects.get"]
[debug] [2020-03-03T12:20:23.744Z] >>> HTTP REQUEST POST https://cloudresourcemanager.googleapis.com/v1/projects/cx-code-golf:testIamPermissions  

[debug] [2020-03-03T12:20:24.779Z] <<< HTTP RESPONSE 200
[debug] [2020-03-03T12:20:24.781Z] >>> HTTP REQUEST GET https://firebase.googleapis.com/v1beta1/projects/cx-code-golf  
 
[debug] [2020-03-03T12:20:25.021Z] <<< HTTP RESPONSE 200
[info] 
[info] === Serving from '/Users/ogh/Projects/cx-code-golf'...
[info] 
[debug] [2020-03-03T12:20:25.024Z] >>> HTTP REQUEST GET https://firebase.googleapis.com/v1beta1/projects/cx-code-golf/webApps/-/config  
 
[debug] [2020-03-03T12:20:25.796Z] <<< HTTP RESPONSE 200
[info] i  hosting: Serving hosting files from: dist/cx-code-golf
[info] ✔  hosting: Local server: http://localhost:5000
